C51 COMPILER V9.53.0.0   INITDEVICE                                                        03/31/2017 17:40:00 PAGE 1   


C51 COMPILER V9.53.0.0, COMPILATION OF MODULE INITDEVICE
OBJECT MODULE PLACED IN .\src\InitDevice.OBJ
COMPILER INVOKED BY: c:\SiliconLabs\SimplicityStudio\v4\developer\toolchains\keil_8051\9.53\BIN\C51.exe C:\Users\Cys05\S
                    -implicityStudio\v4_workspace\ALU\src\InitDevice.c OMF2 SMALL DEBUG OBJECTEXTEND ROM(LARGE) WARNINGLEVEL(2) FLOATFUZZY(3)
                    - OPTIMIZE(8,SPEED) DEFINE(DEBUG=1) INTVECTOR(0X0000) INTPROMOTE INCDIR(C:/Users/Cys05/SimplicityStudio/v4_workspace/ALU/
                    -inc;C:/SiliconLabs/SimplicityStudio/v4/developer/sdks/8051/v4.0.3//Device/shared/si8051base;C:/SiliconLabs/SimplicityStu
                    -dio/v4/developer/sdks/8051/v4.0.3//Device/EFM8BB3/inc) PRINT(.\src\InitDevice.lst) COND PAGEWIDTH(120) PAGELENGTH(65) OB
                    -JECT(.\src\InitDevice.OBJ)

line level    source

   1          //=========================================================
   2          // src/InitDevice.c: generated by Hardware Configurator
   3          //
   4          // This file will be regenerated when saving a document.
   5          // leave the sections inside the "$[...]" comment tags alone
   6          // or they will be overwritten!!
   7          //=========================================================
   8          
   9          // USER INCLUDES
  10          #include <SI_EFM8BB3_Register_Enums.h>
  11          #include "InitDevice.h"
  12          
  13          // USER PROTOTYPES
  14          // USER FUNCTIONS
  15          
  16          // $[Library Includes]
  17          // [Library Includes]$
  18          
  19          //==============================================================================
  20          // enter_DefaultMode_from_RESET
  21          //==============================================================================
  22          extern void enter_DefaultMode_from_RESET(void) {
  23   1              // $[Config Calls]
  24   1              // Save the SFRPAGE
  25   1              uint8_t SFRPAGE_save = SFRPAGE;
  26   1              PORTS_0_enter_DefaultMode_from_RESET();
  27   1              PORTS_1_enter_DefaultMode_from_RESET();
  28   1              PBCFG_0_enter_DefaultMode_from_RESET();
  29   1              // Restore the SFRPAGE
  30   1              SFRPAGE = SFRPAGE_save;
  31   1              // [Config Calls]$
  32   1      
  33   1      }
  34          
  35          extern void PORTS_0_enter_DefaultMode_from_RESET(void) {
  36   1              // $[P0 - Port 0 Pin Latch]
  37   1              // [P0 - Port 0 Pin Latch]$
  38   1      
  39   1              // $[P0MDOUT - Port 0 Output Mode]
  40   1              /***********************************************************************
  41   1               - P0.0 output is push-pull
  42   1               - P0.1 output is push-pull
  43   1               - P0.2 output is open-drain
  44   1               - P0.3 output is open-drain
  45   1               - P0.4 output is open-drain
  46   1               - P0.5 output is open-drain
  47   1               - P0.6 output is open-drain
  48   1               - P0.7 output is push-pull
  49   1               ***********************************************************************/
  50   1              SFRPAGE = 0x00;
  51   1              P0MDOUT = P0MDOUT_B0__PUSH_PULL | P0MDOUT_B1__PUSH_PULL
C51 COMPILER V9.53.0.0   INITDEVICE                                                        03/31/2017 17:40:00 PAGE 2   

  52   1                              | P0MDOUT_B2__OPEN_DRAIN | P0MDOUT_B3__OPEN_DRAIN
  53   1                              | P0MDOUT_B4__OPEN_DRAIN | P0MDOUT_B5__OPEN_DRAIN
  54   1                              | P0MDOUT_B6__OPEN_DRAIN | P0MDOUT_B7__PUSH_PULL;
  55   1              // [P0MDOUT - Port 0 Output Mode]$
  56   1      
  57   1              // $[P0MDIN - Port 0 Input Mode]
  58   1              // [P0MDIN - Port 0 Input Mode]$
  59   1      
  60   1              // $[P0SKIP - Port 0 Skip]
  61   1              // [P0SKIP - Port 0 Skip]$
  62   1      
  63   1              // $[P0MASK - Port 0 Mask]
  64   1              // [P0MASK - Port 0 Mask]$
  65   1      
  66   1              // $[P0MAT - Port 0 Match]
  67   1              // [P0MAT - Port 0 Match]$
  68   1      
  69   1      }
  70          
  71          extern void PORTS_1_enter_DefaultMode_from_RESET(void) {
  72   1              // $[P1 - Port 1 Pin Latch]
  73   1              // [P1 - Port 1 Pin Latch]$
  74   1      
  75   1              // $[P1MDOUT - Port 1 Output Mode]
  76   1              /***********************************************************************
  77   1               - P1.0 output is push-pull
  78   1               - P1.1 output is push-pull
  79   1               - P1.2 output is push-pull
  80   1               - P1.3 output is push-pull
  81   1               - P1.4 output is open-drain
  82   1               - P1.5 output is open-drain
  83   1               - P1.6 output is open-drain
  84   1               - P1.7 output is open-drain
  85   1               ***********************************************************************/
  86   1              P1MDOUT = P1MDOUT_B0__PUSH_PULL | P1MDOUT_B1__PUSH_PULL
  87   1                              | P1MDOUT_B2__PUSH_PULL | P1MDOUT_B3__PUSH_PULL
  88   1                              | P1MDOUT_B4__OPEN_DRAIN | P1MDOUT_B5__OPEN_DRAIN
  89   1                              | P1MDOUT_B6__OPEN_DRAIN | P1MDOUT_B7__OPEN_DRAIN;
  90   1              // [P1MDOUT - Port 1 Output Mode]$
  91   1      
  92   1              // $[P1MDIN - Port 1 Input Mode]
  93   1              // [P1MDIN - Port 1 Input Mode]$
  94   1      
  95   1              // $[P1SKIP - Port 1 Skip]
  96   1              // [P1SKIP - Port 1 Skip]$
  97   1      
  98   1              // $[P1MASK - Port 1 Mask]
  99   1              // [P1MASK - Port 1 Mask]$
 100   1      
 101   1              // $[P1MAT - Port 1 Match]
 102   1              // [P1MAT - Port 1 Match]$
 103   1      
 104   1      }
 105          
 106          extern void PBCFG_0_enter_DefaultMode_from_RESET(void) {
 107   1              // $[XBR2 - Port I/O Crossbar 2]
 108   1              /***********************************************************************
 109   1               - Weak Pullups enabled 
 110   1               - Crossbar enabled
 111   1               - UART1 I/O unavailable at Port pin
 112   1               - UART1 RTS1 unavailable at Port pin
 113   1               - UART1 CTS1 unavailable at Port pin
 114   1               ***********************************************************************/
C51 COMPILER V9.53.0.0   INITDEVICE                                                        03/31/2017 17:40:00 PAGE 3   

 115   1              XBR2 = XBR2_WEAKPUD__PULL_UPS_ENABLED | XBR2_XBARE__ENABLED
 116   1                              | XBR2_URT1E__DISABLED | XBR2_URT1RTSE__DISABLED
 117   1                              | XBR2_URT1CTSE__DISABLED;
 118   1              // [XBR2 - Port I/O Crossbar 2]$
 119   1      
 120   1              // $[PRTDRV - Port Drive Strength]
 121   1              // [PRTDRV - Port Drive Strength]$
 122   1      
 123   1              // $[XBR0 - Port I/O Crossbar 0]
 124   1              // [XBR0 - Port I/O Crossbar 0]$
 125   1      
 126   1              // $[XBR1 - Port I/O Crossbar 1]
 127   1              // [XBR1 - Port I/O Crossbar 1]$
 128   1      
 129   1      }
 130          


MODULE INFORMATION:   STATIC OVERLAYABLE
   CODE SIZE        =     31    ----
   CONSTANT SIZE    =   ----    ----
   XDATA SIZE       =   ----    ----
   PDATA SIZE       =   ----    ----
   DATA SIZE        =   ----       1
   IDATA SIZE       =   ----    ----
   BIT SIZE         =   ----    ----
   EDATA SIZE       =   ----    ----
   HDATA SIZE       =   ----    ----
   XDATA CONST SIZE =   ----    ----
   FAR CONST SIZE   =   ----    ----
END OF MODULE INFORMATION.


C51 COMPILATION COMPLETE.  0 WARNING(S),  0 ERROR(S)
