C51 COMPILER V9.53.0.0   MAIN                                                              04/24/2017 21:22:21 PAGE 1   


C51 COMPILER V9.53.0.0, COMPILATION OF MODULE MAIN
OBJECT MODULE PLACED IN .\src\main.OBJ
COMPILER INVOKED BY: c:\SiliconLabs\SimplicityStudio\v4\developer\toolchains\keil_8051\9.53\BIN\C51.exe C:\Users\student
                    -\SimplicityStudio\v4_workspace\EFM8BB3_Voltmeter_3_2\src\main.c OMF2 SMALL DEBUG OBJECTEXTEND ROM(LARGE) WARNINGLEVEL(2)
                    - FLOATFUZZY(3) OPTIMIZE(8,SPEED) DEFINE(DEBUG=1) INTVECTOR(0X0000) INTPROMOTE INCDIR(C:\Users\student\SimplicityStudio\v
                    -4_workspace\EFM8BB3_Voltmeter_3_2\inc\graphics;C:\Users\student\SimplicityStudio\v4_workspace\EFM8BB3_Voltmeter_3_2\inc;
                    -C:\Users\student\SimplicityStudio\v4_workspace\EFM8BB3_Voltmeter_3_2\inc\config;C:/SiliconLabs/SimplicityStudio/v4/devel
                    -oper/sdks/8051/v4.0.3//kits/common/bsp;C:/SiliconLabs/SimplicityStudio/v4/developer/sdks/8051/v4.0.3//kits/EFM8BB3_SLSTK
                    -2022A/config;C:/SiliconLabs/SimplicityStudio/v4/developer/sdks/8051/v4.0.3//Device/EFM8BB3/peripheral_driver/inc;C:/Sili
                    -conLabs/SimplicityStudio/v4/developer/sdks/8051/v4.0.3//kits/common/drivers/efm8_joystick;C:/SiliconLabs/SimplicityStudi
                    -o/v4/developer/sdks/8051/v4.0.3//kits/common/drivers/efm8_memory_lcd/inc;C:/SiliconLabs/SimplicityStudio/v4/developer/sd
                    -ks/8051/v4.0.3//kits/common/drivers/efm8_memory_lcd/inc/graphics;C:/SiliconLabs/SimplicityStudio/v4/developer/sdks/8051/
                    -v4.0.3//kits/common/drivers/efm8_memory_lcd/inc/config;C:/SiliconLabs/SimplicityStudio/v4/developer/sdks/8051/v4.0.3//De
                    -vice/shared/si8051base;C:/SiliconLabs/SimplicityStudio/v4/developer/sdks/8051/v4.0.3//Device/EFM8BB3/inc) PRINT(.\src\ma
                    -in.lst) COND PAGEWIDTH(120) PAGELENGTH(65) OBJECT(.\src\main.OBJ)

line level    source

   1          //-----------------------------------------------------------------------------
   2          // main.c
   3          //-----------------------------------------------------------------------------
   4          
   5          
   6          
   7          /////////////////////////////////////////////////////////////////////////////
   8          // Includes
   9          /////////////////////////////////////////////////////////////////////////////
  10          
  11          #include "bsp.h"
  12          #include "InitDevice.h"
  13          #include "disp.h"
  14          #include "voltmeter.h"
  15          
  16          
  17          
  18          //---------------------------------------------------------------------------
  19          // main() Routine
  20          // --------------------------------------------------------------------------
  21          int main(void)
  22          {
  23   1         XBR2 |= 0x40;
  24   1      
  25   1        // Enter default mode
  26   1        enter_DefaultMode_from_RESET();
  27   1      
  28   1        // Enable all interrupts
  29   1        IE_EA = 1;
  30   1      
  31   1        DISP_Init();
  32   1        Voltmeter_main();
  33   1      
  34   1      
  35   1        while (1);
  36   1      }


MODULE INFORMATION:   STATIC OVERLAYABLE
   CODE SIZE        =     16    ----
   CONSTANT SIZE    =   ----    ----
   XDATA SIZE       =   ----    ----
   PDATA SIZE       =   ----    ----
   DATA SIZE        =   ----    ----
C51 COMPILER V9.53.0.0   MAIN                                                              04/24/2017 21:22:21 PAGE 2   

   IDATA SIZE       =   ----    ----
   BIT SIZE         =   ----    ----
   EDATA SIZE       =   ----    ----
   HDATA SIZE       =   ----    ----
   XDATA CONST SIZE =   ----    ----
   FAR CONST SIZE   =   ----    ----
END OF MODULE INFORMATION.


C51 COMPILATION COMPLETE.  0 WARNING(S),  0 ERROR(S)
